<?xml version="1.0" encoding="UTF-8"?>
<!-- Generated by org.testng.reporters.JUnitReportReporter -->
<testsuite hostname="DESKTOP-OA9KTJF" failures="0" tests="1" name="testcases.ToVerifySearchHotel" time="9.876" errors="0" timestamp="2022-12-02T11:39:24 IST" skipped="0">
  <testcase classname="testcases.ToVerifySearchHotel" name="toVerifySearchHotel" time="9.876"/>
  <system-out/>
</testsuite> <!-- testcases.ToVerifySearchHotel -->
