<?xml version="1.0" encoding="UTF-8"?>
<!-- Generated by org.testng.reporters.JUnitReportReporter -->
<testsuite hostname="DESKTOP-OA9KTJF" failures="0" tests="1" name="testcases.ToVerifyValidLoginDetails" time="9.752" errors="0" timestamp="2022-12-07T11:32:15 IST" skipped="0">
  <testcase classname="testcases.ToVerifyValidLoginDetails" name="toVerifyValidLoginDetailsTest" time="9.752"/>
  <system-out/>
</testsuite> <!-- testcases.ToVerifyValidLoginDetails -->
